build/outputs/logs/manifest-merger-debug-report.txt
-- Merging decision tree log ---
manifest
ADDED from src\main\AndroidManifest.xml:2:1-181:12
INJECTED from src\main\AndroidManifest.xml:2:1-181:12
INJECTED from src\main\AndroidManifest.xml:2:1-181:12
INJECTED from src\main\AndroidManifest.xml:2:1-181:12
MERGED from [com.android.support:recyclerview-v7:28.0.0] AndroidManifest.xml:17:1-22:12
MERGED from [com.android.support:support-v4:28.0.0] AndroidManifest.xml:17:1-22:12
MERGED from [com.android.support:appcompat-v7:28.0.0] AndroidManifest.xml:17:1-22:12
MERGED from [com.android.support:support-fragment:28.0.0] AndroidManifest.xml:17:1-22:12
MERGED from [com.android.support:animated-vector-drawable:28.0.0] AndroidManifest.xml:17:1-22:12
MERGED from [com.android.support:support-core-ui:28.0.0] AndroidManifest.xml:17:1-22:12
MERGED from [com.android.support:support-media-compat:28.0.0] AndroidManifest.xml:17:1-22:12
MERGED from [com.android.support:support-core-utils:28.0.0] AndroidManifest.xml:17:1-22:12
MERGED from [com.android.support:support-vector-drawable:28.0.0] AndroidManifest.xml:17:1-22:12
MERGED from [com.android.support:viewpager:28.0.0] AndroidManifest.xml:17:1-22:12
MERGED from [com.android.support:coordinatorlayout:28.0.0] AndroidManifest.xml:17:1-22:12
MERGED from [com.android.support:drawerlayout:28.0.0] AndroidManifest.xml:17:1-22:12
MERGED from [com.android.support:slidingpanelayout:28.0.0] AndroidManifest.xml:17:1-22:12
MERGED from [com.android.support:customview:28.0.0] AndroidManifest.xml:17:1-22:12
MERGED from [com.android.support:swiperefreshlayout:28.0.0] AndroidManifest.xml:17:1-22:12
MERGED from [com.android.support:asynclayoutinflater:28.0.0] AndroidManifest.xml:17:1-22:12
MERGED from [com.android.support:loader:28.0.0] AndroidManifest.xml:17:1-22:12
MERGED from [com.android.support:support-compat:28.0.0] AndroidManifest.xml:17:1-24:12
MERGED from [com.android.support:versionedparcelable:28.0.0] AndroidManifest.xml:17:1-25:12
MERGED from [com.android.support:cursoradapter:28.0.0] AndroidManifest.xml:17:1-22:12
MERGED from [android.arch.lifecycle:runtime:1.1.1] AndroidManifest.xml:17:1-22:12
MERGED from [com.android.support:interpolator:28.0.0] AndroidManifest.xml:17:1-22:12
MERGED from [com.android.support:documentfile:28.0.0] AndroidManifest.xml:17:1-22:12
MERGED from [com.android.support:localbroadcastmanager:28.0.0] AndroidManifest.xml:17:1-22:12
MERGED from [com.android.support:print:28.0.0] AndroidManifest.xml:17:1-22:12
MERGED from [android.arch.lifecycle:viewmodel:1.1.1] AndroidManifest.xml:17:1-22:12
MERGED from [android.arch.lifecycle:livedata:1.1.1] AndroidManifest.xml:17:1-22:12
MERGED from [android.arch.lifecycle:livedata-core:1.1.1] AndroidManifest.xml:17:1-22:12
MERGED from [android.arch.core:runtime:1.1.1] AndroidManifest.xml:17:1-22:12
INJECTED from src\main\AndroidManifest.xml:2:1-181:12
INJECTED from src\main\AndroidManifest.xml:2:1-181:12
INJECTED from src\main\AndroidManifest.xml:2:1-181:12
	package
		ADDED from src\main\AndroidManifest.xml:3:5-34
		INJECTED from src\main\AndroidManifest.xml
		INJECTED from src\main\AndroidManifest.xml
	android:versionName
		INJECTED from src\main\AndroidManifest.xml
		ADDED from src\main\AndroidManifest.xml:2:1-181:12
		INJECTED from src\main\AndroidManifest.xml
	android:versionCode
		INJECTED from src\main\AndroidManifest.xml
		ADDED from src\main\AndroidManifest.xml:2:1-181:12
		INJECTED from src\main\AndroidManifest.xml
	xmlns:android
		ADDED from src\main\AndroidManifest.xml:2:11-69
uses-permission#android.permission.ACCESS_WIFI_STATE
ADDED from src\main\AndroidManifest.xml:5:5-76
	android:name
		ADDED from src\main\AndroidManifest.xml:5:22-73
uses-permission#android.permission.INTERNET
ADDED from src\main\AndroidManifest.xml:6:5-67
	android:name
		ADDED from src\main\AndroidManifest.xml:6:22-64
uses-permission#android.permission.ACCESS_NETWORK_STATE
ADDED from src\main\AndroidManifest.xml:7:5-79
	android:name
		ADDED from src\main\AndroidManifest.xml:7:22-76
uses-permission#android.permission.REQUEST_INSTALL_PACKAGES
ADDED from src\main\AndroidManifest.xml:8:5-83
	android:name
		ADDED from src\main\AndroidManifest.xml:8:22-80
uses-permission#android.permission.WRITE_EXTERNAL_STORAGE
ADDED from src\main\AndroidManifest.xml:9:5-81
	android:name
		ADDED from src\main\AndroidManifest.xml:9:22-78
uses-permission#android.permission.READ_EXTERNAL_STORAGE
ADDED from src\main\AndroidManifest.xml:10:5-80
	android:name
		ADDED from src\main\AndroidManifest.xml:10:22-77
uses-permission#android.permission.MOUNT_UNMOUNT_FILESYSTEMS
ADDED from src\main\AndroidManifest.xml:11:5-84
	android:name
		ADDED from src\main\AndroidManifest.xml:11:22-81
application
ADDED from src\main\AndroidManifest.xml:13:5-179:19
MERGED from [com.android.support:support-compat:28.0.0] AndroidManifest.xml:22:5-94
MERGED from [com.android.support:support-compat:28.0.0] AndroidManifest.xml:22:5-94
MERGED from [com.android.support:versionedparcelable:28.0.0] AndroidManifest.xml:22:5-23:19
MERGED from [com.android.support:versionedparcelable:28.0.0] AndroidManifest.xml:22:5-23:19
	android:appComponentFactory
		ADDED from [com.android.support:support-compat:28.0.0] AndroidManifest.xml:22:18-91
	android:label
		ADDED from src\main\AndroidManifest.xml:15:9-41
	android:icon
		ADDED from src\main\AndroidManifest.xml:14:9-45
activity#com.android.barcode.CaoRuiActivity
ADDED from src\main\AndroidManifest.xml:16:9-19:25
	android:launchMode
		ADDED from src\main\AndroidManifest.xml:17:19-50
	android:theme
		ADDED from src\main\AndroidManifest.xml:18:19-75
	android:name
		ADDED from src\main\AndroidManifest.xml:16:19-49
activity#com.android.barcode.QueryTask
ADDED from src\main\AndroidManifest.xml:20:9-23:25
	android:launchMode
		ADDED from src\main\AndroidManifest.xml:21:13-44
	android:theme
		ADDED from src\main\AndroidManifest.xml:22:13-69
	android:name
		ADDED from src\main\AndroidManifest.xml:20:19-44
activity#com.android.barcode.FmKanban
ADDED from src\main\AndroidManifest.xml:24:9-27:25
	android:launchMode
		ADDED from src\main\AndroidManifest.xml:25:13-44
	android:theme
		ADDED from src\main\AndroidManifest.xml:26:13-69
	android:name
		ADDED from src\main\AndroidManifest.xml:24:19-43
activity#com.android.barcode.YCDelivery_Mteriale
ADDED from src\main\AndroidManifest.xml:28:9-31:25
	android:launchMode
		ADDED from src\main\AndroidManifest.xml:29:13-44
	android:theme
		ADDED from src\main\AndroidManifest.xml:30:13-69
	android:name
		ADDED from src\main\AndroidManifest.xml:28:19-54
activity#com.android.barcode.YCDelivery
ADDED from src\main\AndroidManifest.xml:32:9-35:25
	android:launchMode
		ADDED from src\main\AndroidManifest.xml:33:13-44
	android:theme
		ADDED from src\main\AndroidManifest.xml:34:13-69
	android:name
		ADDED from src\main\AndroidManifest.xml:32:19-45
activity#com.android.barcode.YCStock_Material
ADDED from src\main\AndroidManifest.xml:36:9-39:25
	android:launchMode
		ADDED from src\main\AndroidManifest.xml:37:13-44
	android:theme
		ADDED from src\main\AndroidManifest.xml:38:13-69
	android:name
		ADDED from src\main\AndroidManifest.xml:36:19-51
activity#com.android.barcode.YCStock
ADDED from src\main\AndroidManifest.xml:40:9-43:25
	android:launchMode
		ADDED from src\main\AndroidManifest.xml:41:13-44
	android:theme
		ADDED from src\main\AndroidManifest.xml:42:13-69
	android:name
		ADDED from src\main\AndroidManifest.xml:40:19-42
activity#com.android.barcode.FMQueryMaterial
ADDED from src\main\AndroidManifest.xml:44:9-47:25
	android:launchMode
		ADDED from src\main\AndroidManifest.xml:45:13-44
	android:theme
		ADDED from src\main\AndroidManifest.xml:46:13-69
	android:name
		ADDED from src\main\AndroidManifest.xml:44:19-50
activity#com.android.barcode.YCWarehousing
ADDED from src\main\AndroidManifest.xml:48:9-51:25
	android:launchMode
		ADDED from src\main\AndroidManifest.xml:49:13-44
	android:theme
		ADDED from src\main\AndroidManifest.xml:50:13-69
	android:name
		ADDED from src\main\AndroidManifest.xml:48:19-48
activity#com.android.barcode.YCQueryMaterial
ADDED from src\main\AndroidManifest.xml:52:9-55:25
	android:launchMode
		ADDED from src\main\AndroidManifest.xml:53:13-44
	android:theme
		ADDED from src\main\AndroidManifest.xml:54:13-69
	android:name
		ADDED from src\main\AndroidManifest.xml:52:19-50
activity#com.android.barcode.QueryMaterial
ADDED from src\main\AndroidManifest.xml:56:9-59:25
	android:launchMode
		ADDED from src\main\AndroidManifest.xml:57:13-44
	android:theme
		ADDED from src\main\AndroidManifest.xml:58:13-69
	android:name
		ADDED from src\main\AndroidManifest.xml:56:19-48
activity#com.android.barcode.CaoRuiActivityRk
ADDED from src\main\AndroidManifest.xml:60:9-63:25
	android:launchMode
		ADDED from src\main\AndroidManifest.xml:61:13-44
	android:theme
		ADDED from src\main\AndroidManifest.xml:62:13-69
	android:name
		ADDED from src\main\AndroidManifest.xml:60:19-51
activity#com.android.barcode.CaoRuiActivityCk_x
ADDED from src\main\AndroidManifest.xml:64:9-67:25
	android:launchMode
		ADDED from src\main\AndroidManifest.xml:65:13-44
	android:theme
		ADDED from src\main\AndroidManifest.xml:66:13-69
	android:name
		ADDED from src\main\AndroidManifest.xml:64:19-53
activity#com.android.barcode.CaoRuiActivityCk
ADDED from src\main\AndroidManifest.xml:68:9-71:25
	android:launchMode
		ADDED from src\main\AndroidManifest.xml:69:13-44
	android:theme
		ADDED from src\main\AndroidManifest.xml:70:13-69
	android:name
		ADDED from src\main\AndroidManifest.xml:68:19-51
activity#com.android.barcode.BKDelivery
ADDED from src\main\AndroidManifest.xml:72:9-75:72
	android:launchMode
		ADDED from src\main\AndroidManifest.xml:74:13-44
	android:theme
		ADDED from src\main\AndroidManifest.xml:75:13-69
	android:name
		ADDED from src\main\AndroidManifest.xml:73:13-39
activity#com.android.barcode.BKWarehousing
ADDED from src\main\AndroidManifest.xml:76:9-79:72
	android:launchMode
		ADDED from src\main\AndroidManifest.xml:78:13-44
	android:theme
		ADDED from src\main\AndroidManifest.xml:79:13-69
	android:name
		ADDED from src\main\AndroidManifest.xml:77:13-42
activity#com.android.barcode.BoxZt
ADDED from src\main\AndroidManifest.xml:80:9-83:72
	android:launchMode
		ADDED from src\main\AndroidManifest.xml:82:13-44
	android:theme
		ADDED from src\main\AndroidManifest.xml:83:13-69
	android:name
		ADDED from src\main\AndroidManifest.xml:81:13-34
activity#com.android.barcode.Warehousing
ADDED from src\main\AndroidManifest.xml:84:9-86:72
	android:theme
		ADDED from src\main\AndroidManifest.xml:86:13-69
	android:name
		ADDED from src\main\AndroidManifest.xml:85:13-40
activity#com.android.barcode.FhdMx
ADDED from src\main\AndroidManifest.xml:87:9-90:72
	android:launchMode
		ADDED from src\main\AndroidManifest.xml:89:13-44
	android:theme
		ADDED from src\main\AndroidManifest.xml:90:13-69
	android:name
		ADDED from src\main\AndroidManifest.xml:88:13-34
activity#com.android.barcode.Fhd
ADDED from src\main\AndroidManifest.xml:91:9-95:63
	android:launchMode
		ADDED from src\main\AndroidManifest.xml:93:13-44
	android:windowSoftInputMode
		ADDED from src\main\AndroidManifest.xml:95:13-60
	android:theme
		ADDED from src\main\AndroidManifest.xml:94:13-69
	android:name
		ADDED from src\main\AndroidManifest.xml:92:13-32
activity#com.android.barcode.HwhSearch
ADDED from src\main\AndroidManifest.xml:96:9-99:63
	android:windowSoftInputMode
		ADDED from src\main\AndroidManifest.xml:99:13-60
	android:theme
		ADDED from src\main\AndroidManifest.xml:98:13-69
	android:name
		ADDED from src\main\AndroidManifest.xml:97:13-38
activity#com.android.barcode.Test1104
ADDED from src\main\AndroidManifest.xml:100:9-46
	android:name
		ADDED from src\main\AndroidManifest.xml:100:19-43
activity#com.android.barcode.BoxPt
ADDED from src\main\AndroidManifest.xml:101:9-43
	android:name
		ADDED from src\main\AndroidManifest.xml:101:19-40
activity#com.android.barcode.ProductDetail
ADDED from src\main\AndroidManifest.xml:102:9-51
	android:name
		ADDED from src\main\AndroidManifest.xml:102:19-48
activity#com.android.barcode.AddBox
ADDED from src\main\AndroidManifest.xml:103:9-106:63
	android:launchMode
		ADDED from src\main\AndroidManifest.xml:105:13-44
	android:windowSoftInputMode
		ADDED from src\main\AndroidManifest.xml:106:13-60
	android:name
		ADDED from src\main\AndroidManifest.xml:104:13-35
activity#com.android.barcode.IntSupport
ADDED from src\main\AndroidManifest.xml:107:9-109:47
	android:launchMode
		ADDED from src\main\AndroidManifest.xml:109:13-44
	android:name
		ADDED from src\main\AndroidManifest.xml:108:13-39
activity#com.android.barcode.ProductLocation
ADDED from src\main\AndroidManifest.xml:110:9-113:63
	android:launchMode
		ADDED from src\main\AndroidManifest.xml:112:13-44
	android:windowSoftInputMode
		ADDED from src\main\AndroidManifest.xml:113:13-60
	android:name
		ADDED from src\main\AndroidManifest.xml:111:13-44
activity#com.android.barcode.TestFunction
ADDED from src\main\AndroidManifest.xml:114:9-50
	android:name
		ADDED from src\main\AndroidManifest.xml:114:19-47
activity#com.android.barcode.BoxReport
ADDED from src\main\AndroidManifest.xml:115:9-118:63
	android:launchMode
		ADDED from src\main\AndroidManifest.xml:117:13-44
	android:windowSoftInputMode
		ADDED from src\main\AndroidManifest.xml:118:13-60
	android:name
		ADDED from src\main\AndroidManifest.xml:116:13-38
activity#com.android.barcode.DeliveryFH
ADDED from src\main\AndroidManifest.xml:119:9-121:47
	android:launchMode
		ADDED from src\main\AndroidManifest.xml:121:13-44
	android:name
		ADDED from src\main\AndroidManifest.xml:120:13-39
activity#com.android.barcode.DeliveryBhMx
ADDED from src\main\AndroidManifest.xml:122:9-124:47
	android:launchMode
		ADDED from src\main\AndroidManifest.xml:124:13-44
	android:name
		ADDED from src\main\AndroidManifest.xml:123:13-41
activity#com.android.barcode.DeliveryBh
ADDED from src\main\AndroidManifest.xml:125:9-128:63
	android:launchMode
		ADDED from src\main\AndroidManifest.xml:127:13-44
	android:windowSoftInputMode
		ADDED from src\main\AndroidManifest.xml:128:13-60
	android:name
		ADDED from src\main\AndroidManifest.xml:126:13-39
activity#com.android.barcode.LoadingSupport
ADDED from src\main\AndroidManifest.xml:129:9-131:47
	android:launchMode
		ADDED from src\main\AndroidManifest.xml:131:13-44
	android:name
		ADDED from src\main\AndroidManifest.xml:130:13-43
activity#com.android.barcode.BoxDetail
ADDED from src\main\AndroidManifest.xml:132:9-134:47
	android:launchMode
		ADDED from src\main\AndroidManifest.xml:134:13-44
	android:name
		ADDED from src\main\AndroidManifest.xml:133:13-38
activity#com.android.barcode.Test
ADDED from src\main\AndroidManifest.xml:135:9-42
	android:name
		ADDED from src\main\AndroidManifest.xml:135:19-39
activity#com.android.barcode.SupportReport
ADDED from src\main\AndroidManifest.xml:136:9-139:63
	android:launchMode
		ADDED from src\main\AndroidManifest.xml:138:13-44
	android:windowSoftInputMode
		ADDED from src\main\AndroidManifest.xml:139:13-60
	android:name
		ADDED from src\main\AndroidManifest.xml:137:13-42
activity#com.android.barcode.ScanBOX
ADDED from src\main\AndroidManifest.xml:140:9-143:63
	android:launchMode
		ADDED from src\main\AndroidManifest.xml:142:13-44
	android:windowSoftInputMode
		ADDED from src\main\AndroidManifest.xml:143:13-60
	android:name
		ADDED from src\main\AndroidManifest.xml:141:13-36
activity#com.android.barcode.Createbox
ADDED from src\main\AndroidManifest.xml:144:9-147:63
	android:launchMode
		ADDED from src\main\AndroidManifest.xml:146:13-44
	android:windowSoftInputMode
		ADDED from src\main\AndroidManifest.xml:147:13-60
	android:name
		ADDED from src\main\AndroidManifest.xml:145:13-38
activity#com.android.barcode.Scansupport
ADDED from src\main\AndroidManifest.xml:148:9-150:47
	android:launchMode
		ADDED from src\main\AndroidManifest.xml:150:13-44
	android:name
		ADDED from src\main\AndroidManifest.xml:149:13-40
activity#com.android.barcode.MoveList
ADDED from src\main\AndroidManifest.xml:151:9-46
	android:name
		ADDED from src\main\AndroidManifest.xml:151:19-43
activity#com.android.barcode.Menu
ADDED from src\main\AndroidManifest.xml:152:9-154:47
	android:launchMode
		ADDED from src\main\AndroidManifest.xml:154:13-44
	android:name
		ADDED from src\main\AndroidManifest.xml:153:13-33
activity#com.android.barcode.Login
ADDED from src\main\AndroidManifest.xml:155:9-163:20
	android:theme
		ADDED from src\main\AndroidManifest.xml:157:13-69
	android:name
		ADDED from src\main\AndroidManifest.xml:156:13-34
intent-filter#action:name:android.intent.action.MAIN+category:name:android.intent.category.LAUNCHER
ADDED from src\main\AndroidManifest.xml:158:13-162:29
action#android.intent.action.MAIN
ADDED from src\main\AndroidManifest.xml:159:17-69
	android:name
		ADDED from src\main\AndroidManifest.xml:159:25-66
category#android.intent.category.LAUNCHER
ADDED from src\main\AndroidManifest.xml:161:17-77
	android:name
		ADDED from src\main\AndroidManifest.xml:161:27-74
activity#com.android.barcode.BarcodeDemoActivity
ADDED from src\main\AndroidManifest.xml:164:9-168:57
	android:screenOrientation
		ADDED from src\main\AndroidManifest.xml:167:13-49
	android:label
		ADDED from src\main\AndroidManifest.xml:166:13-45
	android:windowSoftInputMode
		ADDED from src\main\AndroidManifest.xml:168:13-54
	android:name
		ADDED from src\main\AndroidManifest.xml:165:13-48
provider#android.support.v4.content.FileProvider
ADDED from src\main\AndroidManifest.xml:170:9-178:20
	android:grantUriPermissions
		ADDED from src\main\AndroidManifest.xml:174:13-47
	android:authorities
		ADDED from src\main\AndroidManifest.xml:172:13-67
	android:exported
		ADDED from src\main\AndroidManifest.xml:173:13-37
	android:name
		ADDED from src\main\AndroidManifest.xml:171:13-67
meta-data#android.support.FILE_PROVIDER_PATHS
ADDED from src\main\AndroidManifest.xml:175:13-177:53
	android:resource
		ADDED from src\main\AndroidManifest.xml:177:17-50
	android:name
		ADDED from src\main\AndroidManifest.xml:176:17-67
uses-sdk
INJECTED from src\main\AndroidManifest.xml reason: use-sdk injection requested
INJECTED from src\main\AndroidManifest.xml
INJECTED from src\main\AndroidManifest.xml
MERGED from [com.android.support:recyclerview-v7:28.0.0] AndroidManifest.xml:20:5-44
MERGED from [com.android.support:recyclerview-v7:28.0.0] AndroidManifest.xml:20:5-44
MERGED from [com.android.support:support-v4:28.0.0] AndroidManifest.xml:20:5-44
MERGED from [com.android.support:support-v4:28.0.0] AndroidManifest.xml:20:5-44
MERGED from [com.android.support:appcompat-v7:28.0.0] AndroidManifest.xml:20:5-44
MERGED from [com.android.support:appcompat-v7:28.0.0] AndroidManifest.xml:20:5-44
MERGED from [com.android.support:support-fragment:28.0.0] AndroidManifest.xml:20:5-44
MERGED from [com.android.support:support-fragment:28.0.0] AndroidManifest.xml:20:5-44
MERGED from [com.android.support:animated-vector-drawable:28.0.0] AndroidManifest.xml:20:5-44
MERGED from [com.android.support:animated-vector-drawable:28.0.0] AndroidManifest.xml:20:5-44
MERGED from [com.android.support:support-core-ui:28.0.0] AndroidManifest.xml:20:5-44
MERGED from [com.android.support:support-core-ui:28.0.0] AndroidManifest.xml:20:5-44
MERGED from [com.android.support:support-media-compat:28.0.0] AndroidManifest.xml:20:5-44
MERGED from [com.android.support:support-media-compat:28.0.0] AndroidManifest.xml:20:5-44
MERGED from [com.android.support:support-core-utils:28.0.0] AndroidManifest.xml:20:5-44
MERGED from [com.android.support:support-core-utils:28.0.0] AndroidManifest.xml:20:5-44
MERGED from [com.android.support:support-vector-drawable:28.0.0] AndroidManifest.xml:20:5-44
MERGED from [com.android.support:support-vector-drawable:28.0.0] AndroidManifest.xml:20:5-44
MERGED from [com.android.support:viewpager:28.0.0] AndroidManifest.xml:20:5-44
MERGED from [com.android.support:viewpager:28.0.0] AndroidManifest.xml:20:5-44
MERGED from [com.android.support:coordinatorlayout:28.0.0] AndroidManifest.xml:20:5-44
MERGED from [com.android.support:coordinatorlayout:28.0.0] AndroidManifest.xml:20:5-44
MERGED from [com.android.support:drawerlayout:28.0.0] AndroidManifest.xml:20:5-44
MERGED from [com.android.support:drawerlayout:28.0.0] AndroidManifest.xml:20:5-44
MERGED from [com.android.support:slidingpanelayout:28.0.0] AndroidManifest.xml:20:5-44
MERGED from [com.android.support:slidingpanelayout:28.0.0] AndroidManifest.xml:20:5-44
MERGED from [com.android.support:customview:28.0.0] AndroidManifest.xml:20:5-44
MERGED from [com.android.support:customview:28.0.0] AndroidManifest.xml:20:5-44
MERGED from [com.android.support:swiperefreshlayout:28.0.0] AndroidManifest.xml:20:5-44
MERGED from [com.android.support:swiperefreshlayout:28.0.0] AndroidManifest.xml:20:5-44
MERGED from [com.android.support:asynclayoutinflater:28.0.0] AndroidManifest.xml:20:5-44
MERGED from [com.android.support:asynclayoutinflater:28.0.0] AndroidManifest.xml:20:5-44
MERGED from [com.android.support:loader:28.0.0] AndroidManifest.xml:20:5-44
MERGED from [com.android.support:loader:28.0.0] AndroidManifest.xml:20:5-44
MERGED from [com.android.support:support-compat:28.0.0] AndroidManifest.xml:20:5-44
MERGED from [com.android.support:support-compat:28.0.0] AndroidManifest.xml:20:5-44
MERGED from [com.android.support:versionedparcelable:28.0.0] AndroidManifest.xml:20:5-44
MERGED from [com.android.support:versionedparcelable:28.0.0] AndroidManifest.xml:20:5-44
MERGED from [com.android.support:cursoradapter:28.0.0] AndroidManifest.xml:20:5-44
MERGED from [com.android.support:cursoradapter:28.0.0] AndroidManifest.xml:20:5-44
MERGED from [android.arch.lifecycle:runtime:1.1.1] AndroidManifest.xml:20:5-44
MERGED from [android.arch.lifecycle:runtime:1.1.1] AndroidManifest.xml:20:5-44
MERGED from [com.android.support:interpolator:28.0.0] AndroidManifest.xml:20:5-44
MERGED from [com.android.support:interpolator:28.0.0] AndroidManifest.xml:20:5-44
MERGED from [com.android.support:documentfile:28.0.0] AndroidManifest.xml:20:5-44
MERGED from [com.android.support:documentfile:28.0.0] AndroidManifest.xml:20:5-44
MERGED from [com.android.support:localbroadcastmanager:28.0.0] AndroidManifest.xml:20:5-44
MERGED from [com.android.support:localbroadcastmanager:28.0.0] AndroidManifest.xml:20:5-44
MERGED from [com.android.support:print:28.0.0] AndroidManifest.xml:20:5-44
MERGED from [com.android.support:print:28.0.0] AndroidManifest.xml:20:5-44
MERGED from [android.arch.lifecycle:viewmodel:1.1.1] AndroidManifest.xml:20:5-44
MERGED from [android.arch.lifecycle:viewmodel:1.1.1] AndroidManifest.xml:20:5-44
MERGED from [android.arch.lifecycle:livedata:1.1.1] AndroidManifest.xml:20:5-44
MERGED from [android.arch.lifecycle:livedata:1.1.1] AndroidManifest.xml:20:5-44
MERGED from [android.arch.lifecycle:livedata-core:1.1.1] AndroidManifest.xml:20:5-44
MERGED from [android.arch.lifecycle:livedata-core:1.1.1] AndroidManifest.xml:20:5-44
MERGED from [android.arch.core:runtime:1.1.1] AndroidManifest.xml:20:5-44
MERGED from [android.arch.core:runtime:1.1.1] AndroidManifest.xml:20:5-44
INJECTED from src\main\AndroidManifest.xml
INJECTED from src\main\AndroidManifest.xml
	android:targetSdkVersion
		INJECTED from src\main\AndroidManifest.xml
		ADDED from src\main\AndroidManifest.xml
		INJECTED from src\main\AndroidManifest.xml
	android:minSdkVersion
		INJECTED from src\main\AndroidManifest.xml
		ADDED from src\main\AndroidManifest.xml
		INJECTED from src\main\AndroidManifest.xml